e:\github\figure-intersection\figure-intersection\figure-intersection\x64\debug\vc141.pdb
e:\github\figure-intersection\figure-intersection\figure-intersection\x64\debug\vc141.idb
e:\github\figure-intersection\figure-intersection\figure-intersection\x64\debug\main.obj
e:\github\figure-intersection\figure-intersection\figure-intersection\x64\debug\segment.obj
e:\github\figure-intersection\figure-intersection\figure-intersection\x64\debug\polygon.obj
e:\github\figure-intersection\figure-intersection\figure-intersection\x64\debug\line.obj
e:\github\figure-intersection\figure-intersection\figure-intersection\x64\debug\figure.obj
e:\github\figure-intersection\figure-intersection\figure-intersection\x64\debug\circle.obj
e:\github\figure-intersection\figure-intersection\figure-intersection\x64\debug\demonstration.obj
e:\github\figure-intersection\figure-intersection\x64\debug\figure-intersection.exe
e:\github\figure-intersection\figure-intersection\x64\debug\figure-intersection.ilk
e:\github\figure-intersection\figure-intersection\x64\debug\figure-intersection.pdb
e:\github\figure-intersection\figure-intersection\figure-intersection\x64\debug\figure-i.18e1158c.tlog\cl.command.1.tlog
e:\github\figure-intersection\figure-intersection\figure-intersection\x64\debug\figure-i.18e1158c.tlog\cl.read.1.tlog
e:\github\figure-intersection\figure-intersection\figure-intersection\x64\debug\figure-i.18e1158c.tlog\cl.write.1.tlog
e:\github\figure-intersection\figure-intersection\figure-intersection\x64\debug\figure-i.18e1158c.tlog\link-cvtres.read.1.tlog
e:\github\figure-intersection\figure-intersection\figure-intersection\x64\debug\figure-i.18e1158c.tlog\link-cvtres.write.1.tlog
e:\github\figure-intersection\figure-intersection\figure-intersection\x64\debug\figure-i.18e1158c.tlog\link-rc.read.1.tlog
e:\github\figure-intersection\figure-intersection\figure-intersection\x64\debug\figure-i.18e1158c.tlog\link-rc.write.1.tlog
e:\github\figure-intersection\figure-intersection\figure-intersection\x64\debug\figure-i.18e1158c.tlog\link.4408-cvtres.read.1.tlog
e:\github\figure-intersection\figure-intersection\figure-intersection\x64\debug\figure-i.18e1158c.tlog\link.4408-cvtres.write.1.tlog
e:\github\figure-intersection\figure-intersection\figure-intersection\x64\debug\figure-i.18e1158c.tlog\link.4408-rc.read.1.tlog
e:\github\figure-intersection\figure-intersection\figure-intersection\x64\debug\figure-i.18e1158c.tlog\link.4408-rc.write.1.tlog
e:\github\figure-intersection\figure-intersection\figure-intersection\x64\debug\figure-i.18e1158c.tlog\link.4408.read.1.tlog
e:\github\figure-intersection\figure-intersection\figure-intersection\x64\debug\figure-i.18e1158c.tlog\link.4408.write.1.tlog
e:\github\figure-intersection\figure-intersection\figure-intersection\x64\debug\figure-i.18e1158c.tlog\link.command.1.tlog
e:\github\figure-intersection\figure-intersection\figure-intersection\x64\debug\figure-i.18e1158c.tlog\link.read.1.tlog
e:\github\figure-intersection\figure-intersection\figure-intersection\x64\debug\figure-i.18e1158c.tlog\link.write.1.tlog
