  Segment.cpp
e:\github\figure-intersection\figure-intersection\figure-intersection\figure\figure.h(47): warning C4244: 'argument': conversion from 'double' to 'float', possible loss of data
e:\github\figure-intersection\figure-intersection\figure-intersection\figure\circle.h(43): warning C4244: 'argument': conversion from 'double' to 'float', possible loss of data
e:\github\figure-intersection\figure-intersection\figure-intersection\figure\circle.h(47): warning C4244: 'argument': conversion from 'double' to 'float', possible loss of data
e:\github\figure-intersection\figure-intersection\figure-intersection\figure\circle.h(50): warning C4244: 'argument': conversion from 'double' to 'float', possible loss of data
e:\github\figure-intersection\figure-intersection\figure-intersection\figure\line.h(78): warning C4244: 'argument': conversion from 'double' to 'T', possible loss of data
          with
          [
              T=float
          ]
e:\github\figure-intersection\figure-intersection\figure-intersection\figure\line.h(79): warning C4244: 'argument': conversion from 'double' to 'T', possible loss of data
          with
          [
              T=float
          ]
e:\github\figure-intersection\figure-intersection\figure-intersection\figure\segment.cpp(57): warning C4102: 'Figure': unreferenced label
e:\github\figure-intersection\figure-intersection\figure-intersection\figure\segment.cpp(64): warning C4244: 'argument': conversion from '_Ty2' to 'T', possible loss of data
          with
          [
              _Ty2=double
          ]
          and
          [
              T=float
          ]
e:\github\figure-intersection\figure-intersection\figure-intersection\figure\segment.cpp(64): warning C4244: 'argument': conversion from '_Ty1' to 'T', possible loss of data
          with
          [
              _Ty1=double
          ]
          and
          [
              T=float
          ]
e:\github\figure-intersection\figure-intersection\figure-intersection\figure\segment.cpp(65): warning C4244: 'argument': conversion from '_Ty2' to 'T', possible loss of data
          with
          [
              _Ty2=double
          ]
          and
          [
              T=float
          ]
e:\github\figure-intersection\figure-intersection\figure-intersection\figure\segment.cpp(65): warning C4244: 'argument': conversion from '_Ty1' to 'T', possible loss of data
          with
          [
              _Ty1=double
          ]
          and
          [
              T=float
          ]
  Figure-intersection.vcxproj -> E:\GitHub\Figure-intersection\Figure-intersection\x64\Debug\Figure-intersection.exe
